2023-06-10 10:15:16.324 [info] Added views:workbench.panel.markers.view in workbench.panel.markers
2023-06-10 10:15:16.324 [info] Added views:workbench.panel.output in workbench.panel.output
2023-06-10 10:15:16.324 [info] Added views:terminal in terminal
2023-06-10 10:15:16.324 [info] Added views:outline in workbench.view.explorer
2023-06-10 10:15:16.324 [info] Added views:workbench.scm in workbench.view.scm
2023-06-10 10:15:16.324 [info] Added views:workbench.view.search in workbench.view.search
2023-06-10 10:15:16.324 [info] Added views:timeline in workbench.view.explorer
2023-06-10 10:15:16.324 [info] Added views:workbench.explorer.emptyView in workbench.view.explorer
2023-06-10 10:15:16.476 [info] Added views:workbench.debug.variablesView,workbench.debug.watchExpressionsView,workbench.debug.callStackView,workbench.debug.breakPointsView in workbench.view.debug
2023-06-10 10:15:16.973 [info] Added views:gitlens.views.home,gitlens.views.contributors in workbench.view.extension.gitlens
2023-06-10 10:15:16.975 [info] Added views:gitlens.views.commits,gitlens.views.commitDetails,gitlens.views.fileHistory,gitlens.views.branches,gitlens.views.remotes,gitlens.views.stashes,gitlens.views.tags,gitlens.views.searchAndCompare in workbench.view.scm
2023-06-10 10:15:16.977 [info] Added views:pr:github,issues:github in workbench.view.extension.github-pull-requests
2023-06-10 10:15:16.979 [info] Added views:liveshare.session in workbench.view.extension.liveshare
2023-06-10 10:15:17.169 [info] Added views:workbench.panel.repl.view in workbench.panel.repl
2023-06-10 10:15:17.171 [info] Removed views:workbench.debug.breakPointsView,workbench.debug.callStackView,workbench.debug.watchExpressionsView,workbench.debug.variablesView from workbench.view.debug
2023-06-10 10:15:17.172 [info] Added views:workbench.debug.welcome in workbench.view.debug
2023-06-10 10:15:18.615 [info] Removed views:gitlens.views.contributors from workbench.view.extension.gitlens
2023-06-10 10:15:18.615 [info] Removed views:gitlens.views.searchAndCompare,gitlens.views.tags,gitlens.views.stashes,gitlens.views.remotes,gitlens.views.branches,gitlens.views.fileHistory,gitlens.views.commitDetails,gitlens.views.commits from workbench.view.scm
2023-06-10 10:15:24.365 [info] Added views:nxConsole.views.welcome,nxRunTarget in workbench.view.extension.nx-console
2023-06-10 10:15:37.071 [info] Added views:gitlens.views.timeline in workbench.view.extension.gitlensPanel
2023-06-10 10:15:37.072 [info] Added views:gitlens.views.contributors in workbench.view.extension.gitlens
2023-06-10 10:15:37.075 [info] Added views:gitlens.views.commits,gitlens.views.commitDetails,gitlens.views.fileHistory,gitlens.views.branches,gitlens.views.remotes,gitlens.views.stashes,gitlens.views.tags,gitlens.views.worktrees,gitlens.views.searchAndCompare in workbench.view.scm
2023-06-10 10:15:47.508 [info] Added views:github:activePullRequest:welcome in workbench.view.extension.github-pull-request
2023-06-10 10:15:47.510 [info] Removed views:github:activePullRequest:welcome from workbench.view.extension.github-pull-request
2023-06-10 10:15:47.631 [info] Added views:workbench.panel.comments in workbench.panel.comments
